  0524.c
C:\Users\USER\Desktop\경일과제용\0524\0524.c(51,12): warning C4098: 'CreateBinaryFile': 'void' 함수에서 값을 반환하고 있습니다.
C:\Users\USER\Desktop\경일과제용\0524\0524.c(67,12): warning C4098: 'WriteIntToBinaryFile': 'void' 함수에서 값을 반환하고 있습니다.
C:\Users\USER\Desktop\경일과제용\0524\0524.c(91,14): warning C4267: '초기화 중': 'size_t'에서 'int'(으)로 변환하면서 데이터가 손실될 수 있습니다.
C:\Users\USER\Desktop\경일과제용\0524\0524.c(113,12): warning C4098: 'WriteIntArrayToBinaryFile': 'void' 함수에서 값을 반환하고 있습니다.
C:\Users\USER\Desktop\경일과제용\0524\0524.c(134,12): warning C4098: 'ReadIntArrayFromBinaryFile': 'void' 함수에서 값을 반환하고 있습니다.
C:\Users\USER\Desktop\경일과제용\0524\0524.c(157,12): warning C4098: 'AppendIntToBinaryFile': 'void' 함수에서 값을 반환하고 있습니다.
C:\Users\USER\Desktop\경일과제용\0524\0524.c(219,12): warning C4098: 'WriteStringToBinaryFile': 'void' 함수에서 값을 반환하고 있습니다.
C:\Users\USER\Desktop\경일과제용\0524\0524.c(227,2): warning C4013: 'gets'이(가) 정의되지 않았습니다. extern은 int형을 반환하는 것으로 간주합니다.
C:\Users\USER\Desktop\경일과제용\0524\0524.c(240,12): warning C4098: 'ReadStringFromBinaryFile': 'void' 함수에서 값을 반환하고 있습니다.
  0524매크로.c
  코드를 생성하고 있습니다...
  0524동적할당.c
C:\Users\USER\Desktop\경일과제용\0524\0524동적할당.c(16,2): warning C4013: 'gets'이(가) 정의되지 않았습니다. extern은 int형을 반환하는 것으로 간주합니다.
C:\Users\USER\Desktop\경일과제용\0524\0524동적할당.c(12,2): warning C4996: 'scanf': This function or variable may be unsafe. Consider using scanf_s instead. To disable deprecation, use _CRT_SECURE_NO_WARNINGS. See online help for details.
C:\Users\USER\Desktop\경일과제용\0524\0524동적할당.c(34,2): warning C4996: 'scanf': This function or variable may be unsafe. Consider using scanf_s instead. To disable deprecation, use _CRT_SECURE_NO_WARNINGS. See online help for details.
C:\Users\USER\Desktop\경일과제용\0524\0524동적할당.c(36,8): warning C4047: '초기화 중': 'char *'의 간접 참조 수준이 'char'과(와) 다릅니다.
  도전문제345번.c
C:\Users\USER\Desktop\경일과제용\0524\도전문제345번.c(32,2): warning C4996: 'scanf': This function or variable may be unsafe. Consider using scanf_s instead. To disable deprecation, use _CRT_SECURE_NO_WARNINGS. See online help for details.
C:\Users\USER\Desktop\경일과제용\0524\도전문제345번.c(34,2): warning C4996: 'scanf': This function or variable may be unsafe. Consider using scanf_s instead. To disable deprecation, use _CRT_SECURE_NO_WARNINGS. See online help for details.
C:\Users\USER\Desktop\경일과제용\0524\도전문제345번.c(53,12): warning C4098: 'CreateFile': 'void' 함수에서 값을 반환하고 있습니다.
C:\Users\USER\Desktop\경일과제용\0524\도전문제345번.c(49,15): warning C4996: 'fopen': This function or variable may be unsafe. Consider using fopen_s instead. To disable deprecation, use _CRT_SECURE_NO_WARNINGS. See online help for details.
  코드를 생성하고 있습니다...
0524동적할당.obj : error LNK2005: Practice1이(가) 0524.obj에 이미 정의되어 있습니다.
0524동적할당.obj : error LNK2005: Practice2이(가) 0524.obj에 이미 정의되어 있습니다.
0524동적할당.obj : error LNK2005: main이(가) 0524.obj에 이미 정의되어 있습니다.
0524매크로.obj : error LNK2005: Practice1이(가) 0524.obj에 이미 정의되어 있습니다.
0524매크로.obj : error LNK2005: Practice2이(가) 0524.obj에 이미 정의되어 있습니다.
0524매크로.obj : error LNK2005: Practice3이(가) 0524.obj에 이미 정의되어 있습니다.
0524매크로.obj : error LNK2005: main이(가) 0524.obj에 이미 정의되어 있습니다.
도전문제345번.obj : error LNK2005: Practice3이(가) 0524.obj에 이미 정의되어 있습니다.
도전문제345번.obj : error LNK2005: Practice4이(가) 0524.obj에 이미 정의되어 있습니다.
도전문제345번.obj : error LNK2005: main이(가) 0524.obj에 이미 정의되어 있습니다.
C:\Users\USER\Desktop\경일과제용\0524\x64\Debug\0524.exe : fatal error LNK1169: 여러 번 정의된 기호가 있습니다.
